<?xml version="1.0" encoding="UTF-8"?>
<testng-results ignored="0" total="1" passed="1" failed="0" skipped="0">
  <reporter-output>
    <line>
      <![CDATA[hello java]]>
    </line>
    <line>
      <![CDATA[hello selenium]]>
    </line>
  </reporter-output>
  <suite started-at="2021-05-31T22:58:54 IST" name="Default suite" finished-at="2021-05-31T22:58:54 IST" duration-ms="82">
    <groups>
    </groups>
    <test started-at="2021-05-31T22:58:54 IST" name="Default test" finished-at="2021-05-31T22:58:54 IST" duration-ms="82">
      <class name="testng1.test0">
        <test-method signature="demo()[pri:0, instance:testng1.test0@1bb266b3]" started-at="2021-05-31T22:58:54 IST" name="demo" finished-at="2021-05-31T22:58:54 IST" duration-ms="12" status="PASS">
          <reporter-output>
            <line>
              <![CDATA[hello java]]>
            </line>
            <line>
              <![CDATA[hello selenium]]>
            </line>
          </reporter-output>
        </test-method> <!-- demo -->
      </class> <!-- testng1.test0 -->
    </test> <!-- Default test -->
  </suite> <!-- Default suite -->
</testng-results>
